2023-12-06 03:29:00,397 [1] INFO ServiceLog4NetLab.Service1 - Timer: 
2023-12-06 03:29:00,469 [6] INFO ServiceLog4NetLab.Service1 - Timer: 
2023-12-06 03:29:00,482 [6] INFO ServiceLog4NetLab.Service1 - Timer 2: 3:29:00 AM
2023-12-06 03:29:00,484 [6] WARN ServiceLog4NetLab.Service1 - Timer 2: 3:29:00 AM
2023-12-06 03:29:00,485 [6] ERROR ServiceLog4NetLab.Service1 - Timer 2: 3:29:00 AM
2023-12-06 03:29:00,487 [6] DEBUG ServiceLog4NetLab.Service1 - Timer 2: 3:29:00 AM
2023-12-06 03:29:00,488 [6] FATAL ServiceLog4NetLab.Service1 - Timer 2: 3:29:00 AM
2023-12-06 03:29:01,505 [7] INFO ServiceLog4NetLab.Service1 - Timer 2: 3:29:01 AM
2023-12-06 03:29:01,519 [7] WARN ServiceLog4NetLab.Service1 - Timer 2: 3:29:01 AM
2023-12-06 03:29:01,521 [7] ERROR ServiceLog4NetLab.Service1 - Timer 2: 3:29:01 AM
2023-12-06 03:29:01,523 [7] DEBUG ServiceLog4NetLab.Service1 - Timer 2: 3:29:01 AM
2023-12-06 03:29:01,533 [7] FATAL ServiceLog4NetLab.Service1 - Timer 2: 3:29:01 AM
2023-12-06 03:29:02,497 [7] INFO ServiceLog4NetLab.Service1 - Timer 2: 3:29:02 AM
2023-12-06 03:29:02,500 [7] WARN ServiceLog4NetLab.Service1 - Timer 2: 3:29:02 AM
2023-12-06 03:29:02,502 [7] ERROR ServiceLog4NetLab.Service1 - Timer 2: 3:29:02 AM
2023-12-06 03:29:02,504 [7] DEBUG ServiceLog4NetLab.Service1 - Timer 2: 3:29:02 AM
2023-12-06 03:29:02,505 [7] FATAL ServiceLog4NetLab.Service1 - Timer 2: 3:29:02 AM
2023-12-06 03:29:03,505 [6] INFO ServiceLog4NetLab.Service1 - Timer 2: 3:29:03 AM
2023-12-06 03:29:03,508 [6] WARN ServiceLog4NetLab.Service1 - Timer 2: 3:29:03 AM
2023-12-06 03:29:03,517 [6] ERROR ServiceLog4NetLab.Service1 - Timer 2: 3:29:03 AM
2023-12-06 03:29:03,519 [6] DEBUG ServiceLog4NetLab.Service1 - Timer 2: 3:29:03 AM
2023-12-06 03:29:03,520 [6] FATAL ServiceLog4NetLab.Service1 - Timer 2: 3:29:03 AM
2023-12-06 03:29:04,518 [6] INFO ServiceLog4NetLab.Service1 - Timer 2: 3:29:04 AM
2023-12-06 03:29:04,520 [6] WARN ServiceLog4NetLab.Service1 - Timer 2: 3:29:04 AM
2023-12-06 03:29:04,521 [6] ERROR ServiceLog4NetLab.Service1 - Timer 2: 3:29:04 AM
2023-12-06 03:29:04,523 [6] DEBUG ServiceLog4NetLab.Service1 - Timer 2: 3:29:04 AM
2023-12-06 03:29:04,524 [6] FATAL ServiceLog4NetLab.Service1 - Timer 2: 3:29:04 AM
2023-12-06 03:29:05,528 [7] INFO ServiceLog4NetLab.Service1 - Timer 2: 3:29:05 AM
2023-12-06 03:29:05,534 [7] WARN ServiceLog4NetLab.Service1 - Timer 2: 3:29:05 AM
2023-12-06 03:29:05,536 [7] ERROR ServiceLog4NetLab.Service1 - Timer 2: 3:29:05 AM
2023-12-06 03:29:05,538 [7] DEBUG ServiceLog4NetLab.Service1 - Timer 2: 3:29:05 AM
2023-12-06 03:29:05,539 [7] FATAL ServiceLog4NetLab.Service1 - Timer 2: 3:29:05 AM
2023-12-06 03:29:06,537 [7] INFO ServiceLog4NetLab.Service1 - Timer 2: 3:29:06 AM
2023-12-06 03:29:06,539 [7] WARN ServiceLog4NetLab.Service1 - Timer 2: 3:29:06 AM
2023-12-06 03:29:06,540 [7] ERROR ServiceLog4NetLab.Service1 - Timer 2: 3:29:06 AM
2023-12-06 03:29:06,541 [7] DEBUG ServiceLog4NetLab.Service1 - Timer 2: 3:29:06 AM
2023-12-06 03:29:06,542 [7] FATAL ServiceLog4NetLab.Service1 - Timer 2: 3:29:06 AM
2023-12-06 03:29:07,556 [6] INFO ServiceLog4NetLab.Service1 - Timer 2: 3:29:07 AM
2023-12-06 03:29:07,559 [6] WARN ServiceLog4NetLab.Service1 - Timer 2: 3:29:07 AM
2023-12-06 03:29:07,561 [6] ERROR ServiceLog4NetLab.Service1 - Timer 2: 3:29:07 AM
2023-12-06 03:29:07,562 [6] DEBUG ServiceLog4NetLab.Service1 - Timer 2: 3:29:07 AM
2023-12-06 03:29:07,564 [6] FATAL ServiceLog4NetLab.Service1 - Timer 2: 3:29:07 AM
2023-12-06 03:29:08,561 [7] INFO ServiceLog4NetLab.Service1 - Timer 2: 3:29:08 AM
2023-12-06 03:29:08,576 [7] WARN ServiceLog4NetLab.Service1 - Timer 2: 3:29:08 AM
2023-12-06 03:29:08,578 [7] ERROR ServiceLog4NetLab.Service1 - Timer 2: 3:29:08 AM
2023-12-06 03:29:08,579 [7] DEBUG ServiceLog4NetLab.Service1 - Timer 2: 3:29:08 AM
2023-12-06 03:29:08,581 [7] FATAL ServiceLog4NetLab.Service1 - Timer 2: 3:29:08 AM
2023-12-06 03:29:09,573 [7] INFO ServiceLog4NetLab.Service1 - Timer 2: 3:29:09 AM
2023-12-06 03:29:09,575 [7] WARN ServiceLog4NetLab.Service1 - Timer 2: 3:29:09 AM
2023-12-06 03:29:09,577 [7] ERROR ServiceLog4NetLab.Service1 - Timer 2: 3:29:09 AM
2023-12-06 03:29:09,578 [7] DEBUG ServiceLog4NetLab.Service1 - Timer 2: 3:29:09 AM
2023-12-06 03:29:09,580 [7] FATAL ServiceLog4NetLab.Service1 - Timer 2: 3:29:09 AM
2023-12-06 03:29:10,591 [7] INFO ServiceLog4NetLab.Service1 - Timer 2: 3:29:10 AM
2023-12-06 03:29:10,593 [7] WARN ServiceLog4NetLab.Service1 - Timer 2: 3:29:10 AM
2023-12-06 03:29:10,594 [7] ERROR ServiceLog4NetLab.Service1 - Timer 2: 3:29:10 AM
2023-12-06 03:29:10,596 [7] DEBUG ServiceLog4NetLab.Service1 - Timer 2: 3:29:10 AM
2023-12-06 03:29:10,597 [7] FATAL ServiceLog4NetLab.Service1 - Timer 2: 3:29:10 AM
2023-12-06 03:29:11,600 [7] INFO ServiceLog4NetLab.Service1 - Timer 2: 3:29:11 AM
2023-12-06 03:29:11,602 [7] WARN ServiceLog4NetLab.Service1 - Timer 2: 3:29:11 AM
2023-12-06 03:29:11,608 [7] ERROR ServiceLog4NetLab.Service1 - Timer 2: 3:29:11 AM
2023-12-06 03:29:11,609 [7] DEBUG ServiceLog4NetLab.Service1 - Timer 2: 3:29:11 AM
2023-12-06 03:29:11,611 [7] FATAL ServiceLog4NetLab.Service1 - Timer 2: 3:29:11 AM
2023-12-06 03:29:12,608 [7] INFO ServiceLog4NetLab.Service1 - Timer 2: 3:29:12 AM
2023-12-06 03:29:12,611 [7] WARN ServiceLog4NetLab.Service1 - Timer 2: 3:29:12 AM
2023-12-06 03:29:12,612 [7] ERROR ServiceLog4NetLab.Service1 - Timer 2: 3:29:12 AM
2023-12-06 03:29:12,613 [7] DEBUG ServiceLog4NetLab.Service1 - Timer 2: 3:29:12 AM
2023-12-06 03:29:12,615 [7] FATAL ServiceLog4NetLab.Service1 - Timer 2: 3:29:12 AM
2023-12-06 03:29:13,665 [7] INFO ServiceLog4NetLab.Service1 - Timer 2: 3:29:13 AM
2023-12-06 03:29:13,679 [7] WARN ServiceLog4NetLab.Service1 - Timer 2: 3:29:13 AM
2023-12-06 03:29:13,681 [7] ERROR ServiceLog4NetLab.Service1 - Timer 2: 3:29:13 AM
2023-12-06 03:29:13,682 [7] DEBUG ServiceLog4NetLab.Service1 - Timer 2: 3:29:13 AM
2023-12-06 03:29:13,685 [7] FATAL ServiceLog4NetLab.Service1 - Timer 2: 3:29:13 AM
2023-12-06 03:29:14,682 [7] INFO ServiceLog4NetLab.Service1 - Timer 2: 3:29:14 AM
2023-12-06 03:29:14,685 [7] WARN ServiceLog4NetLab.Service1 - Timer 2: 3:29:14 AM
2023-12-06 03:29:14,686 [7] ERROR ServiceLog4NetLab.Service1 - Timer 2: 3:29:14 AM
2023-12-06 03:29:14,687 [7] DEBUG ServiceLog4NetLab.Service1 - Timer 2: 3:29:14 AM
2023-12-06 03:29:14,688 [7] FATAL ServiceLog4NetLab.Service1 - Timer 2: 3:29:14 AM
2023-12-06 03:29:15,697 [6] INFO ServiceLog4NetLab.Service1 - Timer 2: 3:29:15 AM
2023-12-06 03:29:15,700 [6] WARN ServiceLog4NetLab.Service1 - Timer 2: 3:29:15 AM
2023-12-06 03:29:15,702 [6] ERROR ServiceLog4NetLab.Service1 - Timer 2: 3:29:15 AM
2023-12-06 03:29:15,703 [6] DEBUG ServiceLog4NetLab.Service1 - Timer 2: 3:29:15 AM
2023-12-06 03:29:15,705 [6] FATAL ServiceLog4NetLab.Service1 - Timer 2: 3:29:15 AM
2023-12-06 03:29:16,711 [6] INFO ServiceLog4NetLab.Service1 - Timer 2: 3:29:16 AM
2023-12-06 03:29:16,715 [6] WARN ServiceLog4NetLab.Service1 - Timer 2: 3:29:16 AM
2023-12-06 03:29:16,717 [6] ERROR ServiceLog4NetLab.Service1 - Timer 2: 3:29:16 AM
2023-12-06 03:29:16,718 [6] DEBUG ServiceLog4NetLab.Service1 - Timer 2: 3:29:16 AM
2023-12-06 03:29:16,720 [6] FATAL ServiceLog4NetLab.Service1 - Timer 2: 3:29:16 AM
2023-12-06 03:29:17,737 [6] INFO ServiceLog4NetLab.Service1 - Timer 2: 3:29:17 AM
2023-12-06 03:29:17,870 [6] WARN ServiceLog4NetLab.Service1 - Timer 2: 3:29:17 AM
2023-12-06 03:29:17,871 [6] ERROR ServiceLog4NetLab.Service1 - Timer 2: 3:29:17 AM
2023-12-06 03:29:17,872 [6] DEBUG ServiceLog4NetLab.Service1 - Timer 2: 3:29:17 AM
2023-12-06 03:29:17,900 [6] FATAL ServiceLog4NetLab.Service1 - Timer 2: 3:29:17 AM
2023-12-06 03:29:18,784 [6] INFO ServiceLog4NetLab.Service1 - Timer 2: 3:29:18 AM
2023-12-06 03:29:18,787 [6] WARN ServiceLog4NetLab.Service1 - Timer 2: 3:29:18 AM
2023-12-06 03:29:18,789 [6] ERROR ServiceLog4NetLab.Service1 - Timer 2: 3:29:18 AM
2023-12-06 03:29:18,790 [6] DEBUG ServiceLog4NetLab.Service1 - Timer 2: 3:29:18 AM
2023-12-06 03:29:18,797 [6] FATAL ServiceLog4NetLab.Service1 - Timer 2: 3:29:18 AM
2023-12-06 03:29:19,798 [6] INFO ServiceLog4NetLab.Service1 - Timer 2: 3:29:19 AM
2023-12-06 03:29:19,802 [6] WARN ServiceLog4NetLab.Service1 - Timer 2: 3:29:19 AM
2023-12-06 03:29:19,803 [6] ERROR ServiceLog4NetLab.Service1 - Timer 2: 3:29:19 AM
2023-12-06 03:29:19,806 [6] DEBUG ServiceLog4NetLab.Service1 - Timer 2: 3:29:19 AM
2023-12-06 03:29:19,807 [6] FATAL ServiceLog4NetLab.Service1 - Timer 2: 3:29:19 AM
2023-12-06 03:29:20,809 [7] INFO ServiceLog4NetLab.Service1 - Timer 2: 3:29:20 AM
2023-12-06 03:29:20,818 [7] WARN ServiceLog4NetLab.Service1 - Timer 2: 3:29:20 AM
2023-12-06 03:29:20,819 [7] ERROR ServiceLog4NetLab.Service1 - Timer 2: 3:29:20 AM
2023-12-06 03:29:20,820 [7] DEBUG ServiceLog4NetLab.Service1 - Timer 2: 3:29:20 AM
2023-12-06 03:29:20,821 [7] FATAL ServiceLog4NetLab.Service1 - Timer 2: 3:29:20 AM
2023-12-06 03:29:21,825 [7] INFO ServiceLog4NetLab.Service1 - Timer 2: 3:29:21 AM
2023-12-06 03:29:21,828 [7] WARN ServiceLog4NetLab.Service1 - Timer 2: 3:29:21 AM
2023-12-06 03:29:21,835 [7] ERROR ServiceLog4NetLab.Service1 - Timer 2: 3:29:21 AM
2023-12-06 03:29:21,837 [7] DEBUG ServiceLog4NetLab.Service1 - Timer 2: 3:29:21 AM
2023-12-06 03:29:21,838 [7] FATAL ServiceLog4NetLab.Service1 - Timer 2: 3:29:21 AM
2023-12-06 03:29:22,828 [6] INFO ServiceLog4NetLab.Service1 - Timer 2: 3:29:22 AM
2023-12-06 03:29:22,837 [6] WARN ServiceLog4NetLab.Service1 - Timer 2: 3:29:22 AM
2023-12-06 03:29:22,838 [6] ERROR ServiceLog4NetLab.Service1 - Timer 2: 3:29:22 AM
2023-12-06 03:29:22,839 [6] DEBUG ServiceLog4NetLab.Service1 - Timer 2: 3:29:22 AM
2023-12-06 03:29:22,841 [6] FATAL ServiceLog4NetLab.Service1 - Timer 2: 3:29:22 AM
2023-12-06 03:29:23,844 [7] INFO ServiceLog4NetLab.Service1 - Timer 2: 3:29:23 AM
2023-12-06 03:29:23,847 [7] WARN ServiceLog4NetLab.Service1 - Timer 2: 3:29:23 AM
2023-12-06 03:29:23,853 [7] ERROR ServiceLog4NetLab.Service1 - Timer 2: 3:29:23 AM
2023-12-06 03:29:23,854 [7] DEBUG ServiceLog4NetLab.Service1 - Timer 2: 3:29:23 AM
2023-12-06 03:29:23,856 [7] FATAL ServiceLog4NetLab.Service1 - Timer 2: 3:29:23 AM
2023-12-06 03:29:24,859 [6] INFO ServiceLog4NetLab.Service1 - Timer 2: 3:29:24 AM
2023-12-06 03:29:24,861 [6] WARN ServiceLog4NetLab.Service1 - Timer 2: 3:29:24 AM
2023-12-06 03:29:24,862 [6] ERROR ServiceLog4NetLab.Service1 - Timer 2: 3:29:24 AM
2023-12-06 03:29:24,864 [6] DEBUG ServiceLog4NetLab.Service1 - Timer 2: 3:29:24 AM
2023-12-06 03:29:24,869 [6] FATAL ServiceLog4NetLab.Service1 - Timer 2: 3:29:24 AM
2023-12-06 03:29:25,872 [5] INFO ServiceLog4NetLab.Service1 - Timer 2: 3:29:25 AM
2023-12-06 03:29:25,874 [5] WARN ServiceLog4NetLab.Service1 - Timer 2: 3:29:25 AM
2023-12-06 03:29:25,876 [5] ERROR ServiceLog4NetLab.Service1 - Timer 2: 3:29:25 AM
2023-12-06 03:29:25,877 [5] DEBUG ServiceLog4NetLab.Service1 - Timer 2: 3:29:25 AM
2023-12-06 03:29:25,879 [5] FATAL ServiceLog4NetLab.Service1 - Timer 2: 3:29:25 AM
2023-12-06 03:29:26,883 [7] INFO ServiceLog4NetLab.Service1 - Timer 2: 3:29:26 AM
2023-12-06 03:29:26,891 [7] WARN ServiceLog4NetLab.Service1 - Timer 2: 3:29:26 AM
2023-12-06 03:29:26,893 [7] ERROR ServiceLog4NetLab.Service1 - Timer 2: 3:29:26 AM
2023-12-06 03:29:26,894 [7] DEBUG ServiceLog4NetLab.Service1 - Timer 2: 3:29:26 AM
2023-12-06 03:29:26,896 [7] FATAL ServiceLog4NetLab.Service1 - Timer 2: 3:29:26 AM
2023-12-06 03:29:27,895 [5] INFO ServiceLog4NetLab.Service1 - Timer 2: 3:29:27 AM
2023-12-06 03:29:27,897 [5] WARN ServiceLog4NetLab.Service1 - Timer 2: 3:29:27 AM
2023-12-06 03:29:27,898 [5] ERROR ServiceLog4NetLab.Service1 - Timer 2: 3:29:27 AM
2023-12-06 03:29:27,900 [5] DEBUG ServiceLog4NetLab.Service1 - Timer 2: 3:29:27 AM
2023-12-06 03:29:27,901 [5] FATAL ServiceLog4NetLab.Service1 - Timer 2: 3:29:27 AM
2023-12-06 03:29:28,908 [7] INFO ServiceLog4NetLab.Service1 - Timer 2: 3:29:28 AM
2023-12-06 03:29:28,911 [7] WARN ServiceLog4NetLab.Service1 - Timer 2: 3:29:28 AM
2023-12-06 03:29:28,913 [7] ERROR ServiceLog4NetLab.Service1 - Timer 2: 3:29:28 AM
2023-12-06 03:29:28,914 [7] DEBUG ServiceLog4NetLab.Service1 - Timer 2: 3:29:28 AM
2023-12-06 03:29:28,915 [7] FATAL ServiceLog4NetLab.Service1 - Timer 2: 3:29:28 AM
2023-12-06 03:29:29,913 [5] INFO ServiceLog4NetLab.Service1 - Timer 2: 3:29:29 AM
2023-12-06 03:29:29,917 [5] WARN ServiceLog4NetLab.Service1 - Timer 2: 3:29:29 AM
2023-12-06 03:29:29,918 [5] ERROR ServiceLog4NetLab.Service1 - Timer 2: 3:29:29 AM
2023-12-06 03:29:29,927 [5] DEBUG ServiceLog4NetLab.Service1 - Timer 2: 3:29:29 AM
2023-12-06 03:29:29,928 [5] FATAL ServiceLog4NetLab.Service1 - Timer 2: 3:29:29 AM
2023-12-06 03:29:30,935 [7] INFO ServiceLog4NetLab.Service1 - Timer 2: 3:29:30 AM
2023-12-06 03:29:30,948 [7] WARN ServiceLog4NetLab.Service1 - Timer 2: 3:29:30 AM
2023-12-06 03:29:30,950 [7] ERROR ServiceLog4NetLab.Service1 - Timer 2: 3:29:30 AM
2023-12-06 03:29:30,952 [7] DEBUG ServiceLog4NetLab.Service1 - Timer 2: 3:29:30 AM
2023-12-06 03:29:30,953 [7] FATAL ServiceLog4NetLab.Service1 - Timer 2: 3:29:30 AM
2023-12-06 03:29:31,944 [5] INFO ServiceLog4NetLab.Service1 - Timer 2: 3:29:31 AM
2023-12-06 03:29:31,947 [5] WARN ServiceLog4NetLab.Service1 - Timer 2: 3:29:31 AM
2023-12-06 03:29:31,948 [5] ERROR ServiceLog4NetLab.Service1 - Timer 2: 3:29:31 AM
2023-12-06 03:29:31,949 [5] DEBUG ServiceLog4NetLab.Service1 - Timer 2: 3:29:31 AM
2023-12-06 03:29:31,951 [5] FATAL ServiceLog4NetLab.Service1 - Timer 2: 3:29:31 AM
2023-12-06 03:29:32,950 [7] INFO ServiceLog4NetLab.Service1 - Timer 2: 3:29:32 AM
2023-12-06 03:29:32,952 [7] WARN ServiceLog4NetLab.Service1 - Timer 2: 3:29:32 AM
2023-12-06 03:29:32,953 [7] ERROR ServiceLog4NetLab.Service1 - Timer 2: 3:29:32 AM
2023-12-06 03:29:32,954 [7] DEBUG ServiceLog4NetLab.Service1 - Timer 2: 3:29:32 AM
2023-12-06 03:29:32,964 [7] FATAL ServiceLog4NetLab.Service1 - Timer 2: 3:29:32 AM
2023-12-06 03:29:33,962 [5] INFO ServiceLog4NetLab.Service1 - Timer 2: 3:29:33 AM
2023-12-06 03:29:33,966 [5] WARN ServiceLog4NetLab.Service1 - Timer 2: 3:29:33 AM
2023-12-06 03:29:33,968 [5] ERROR ServiceLog4NetLab.Service1 - Timer 2: 3:29:33 AM
2023-12-06 03:29:33,969 [5] DEBUG ServiceLog4NetLab.Service1 - Timer 2: 3:29:33 AM
2023-12-06 03:29:33,970 [5] FATAL ServiceLog4NetLab.Service1 - Timer 2: 3:29:33 AM
2023-12-06 03:29:34,970 [7] INFO ServiceLog4NetLab.Service1 - Timer 2: 3:29:34 AM
2023-12-06 03:29:34,973 [7] WARN ServiceLog4NetLab.Service1 - Timer 2: 3:29:34 AM
2023-12-06 03:29:34,977 [7] ERROR ServiceLog4NetLab.Service1 - Timer 2: 3:29:34 AM
2023-12-06 03:29:34,986 [7] DEBUG ServiceLog4NetLab.Service1 - Timer 2: 3:29:34 AM
2023-12-06 03:29:34,988 [7] FATAL ServiceLog4NetLab.Service1 - Timer 2: 3:29:34 AM
2023-12-06 03:29:35,981 [5] INFO ServiceLog4NetLab.Service1 - Timer 2: 3:29:35 AM
2023-12-06 03:29:35,984 [5] WARN ServiceLog4NetLab.Service1 - Timer 2: 3:29:35 AM
2023-12-06 03:29:35,985 [5] ERROR ServiceLog4NetLab.Service1 - Timer 2: 3:29:35 AM
2023-12-06 03:29:35,987 [5] DEBUG ServiceLog4NetLab.Service1 - Timer 2: 3:29:35 AM
2023-12-06 03:29:35,988 [5] FATAL ServiceLog4NetLab.Service1 - Timer 2: 3:29:35 AM
2023-12-06 03:29:37,000 [6] INFO ServiceLog4NetLab.Service1 - Timer 2: 3:29:37 AM
2023-12-06 03:29:37,002 [6] WARN ServiceLog4NetLab.Service1 - Timer 2: 3:29:37 AM
2023-12-06 03:29:37,003 [6] ERROR ServiceLog4NetLab.Service1 - Timer 2: 3:29:37 AM
2023-12-06 03:29:37,004 [6] DEBUG ServiceLog4NetLab.Service1 - Timer 2: 3:29:37 AM
2023-12-06 03:29:37,006 [6] FATAL ServiceLog4NetLab.Service1 - Timer 2: 3:29:37 AM
2023-12-06 03:29:38,005 [7] INFO ServiceLog4NetLab.Service1 - Timer 2: 3:29:38 AM
2023-12-06 03:29:38,008 [7] WARN ServiceLog4NetLab.Service1 - Timer 2: 3:29:38 AM
2023-12-06 03:29:38,009 [7] ERROR ServiceLog4NetLab.Service1 - Timer 2: 3:29:38 AM
2023-12-06 03:29:38,010 [7] DEBUG ServiceLog4NetLab.Service1 - Timer 2: 3:29:38 AM
2023-12-06 03:29:38,018 [7] FATAL ServiceLog4NetLab.Service1 - Timer 2: 3:29:38 AM
2023-12-06 03:29:39,020 [6] INFO ServiceLog4NetLab.Service1 - Timer 2: 3:29:39 AM
2023-12-06 03:29:39,023 [6] WARN ServiceLog4NetLab.Service1 - Timer 2: 3:29:39 AM
2023-12-06 03:29:39,025 [6] ERROR ServiceLog4NetLab.Service1 - Timer 2: 3:29:39 AM
2023-12-06 03:29:39,026 [6] DEBUG ServiceLog4NetLab.Service1 - Timer 2: 3:29:39 AM
2023-12-06 03:29:39,028 [6] FATAL ServiceLog4NetLab.Service1 - Timer 2: 3:29:39 AM
2023-12-06 03:29:40,037 [7] INFO ServiceLog4NetLab.Service1 - Timer 2: 3:29:40 AM
2023-12-06 03:29:40,040 [7] WARN ServiceLog4NetLab.Service1 - Timer 2: 3:29:40 AM
2023-12-06 03:29:40,042 [7] ERROR ServiceLog4NetLab.Service1 - Timer 2: 3:29:40 AM
2023-12-06 03:29:40,043 [7] DEBUG ServiceLog4NetLab.Service1 - Timer 2: 3:29:40 AM
2023-12-06 03:29:40,044 [7] FATAL ServiceLog4NetLab.Service1 - Timer 2: 3:29:40 AM
2023-12-06 03:29:41,041 [6] INFO ServiceLog4NetLab.Service1 - Timer 2: 3:29:41 AM
2023-12-06 03:29:41,043 [6] WARN ServiceLog4NetLab.Service1 - Timer 2: 3:29:41 AM
2023-12-06 03:29:41,045 [6] ERROR ServiceLog4NetLab.Service1 - Timer 2: 3:29:41 AM
2023-12-06 03:29:41,046 [6] DEBUG ServiceLog4NetLab.Service1 - Timer 2: 3:29:41 AM
2023-12-06 03:29:41,052 [6] FATAL ServiceLog4NetLab.Service1 - Timer 2: 3:29:41 AM
2023-12-06 03:29:42,057 [7] INFO ServiceLog4NetLab.Service1 - Timer 2: 3:29:42 AM
2023-12-06 03:29:42,061 [7] WARN ServiceLog4NetLab.Service1 - Timer 2: 3:29:42 AM
2023-12-06 03:29:42,062 [7] ERROR ServiceLog4NetLab.Service1 - Timer 2: 3:29:42 AM
2023-12-06 03:29:42,063 [7] DEBUG ServiceLog4NetLab.Service1 - Timer 2: 3:29:42 AM
2023-12-06 03:29:42,065 [7] FATAL ServiceLog4NetLab.Service1 - Timer 2: 3:29:42 AM
2023-12-06 03:29:43,072 [5] INFO ServiceLog4NetLab.Service1 - Timer 2: 3:29:43 AM
2023-12-06 03:29:43,074 [5] WARN ServiceLog4NetLab.Service1 - Timer 2: 3:29:43 AM
2023-12-06 03:29:43,075 [5] ERROR ServiceLog4NetLab.Service1 - Timer 2: 3:29:43 AM
2023-12-06 03:29:43,077 [5] DEBUG ServiceLog4NetLab.Service1 - Timer 2: 3:29:43 AM
2023-12-06 03:29:43,078 [5] FATAL ServiceLog4NetLab.Service1 - Timer 2: 3:29:43 AM
2023-12-06 03:29:44,090 [6] INFO ServiceLog4NetLab.Service1 - Timer 2: 3:29:44 AM
2023-12-06 03:29:44,094 [6] WARN ServiceLog4NetLab.Service1 - Timer 2: 3:29:44 AM
2023-12-06 03:29:44,095 [6] ERROR ServiceLog4NetLab.Service1 - Timer 2: 3:29:44 AM
2023-12-06 03:29:44,096 [6] DEBUG ServiceLog4NetLab.Service1 - Timer 2: 3:29:44 AM
2023-12-06 03:29:44,097 [6] FATAL ServiceLog4NetLab.Service1 - Timer 2: 3:29:44 AM
2023-12-06 03:29:45,109 [7] INFO ServiceLog4NetLab.Service1 - Timer 2: 3:29:45 AM
2023-12-06 03:29:45,112 [7] WARN ServiceLog4NetLab.Service1 - Timer 2: 3:29:45 AM
2023-12-06 03:29:45,114 [7] ERROR ServiceLog4NetLab.Service1 - Timer 2: 3:29:45 AM
2023-12-06 03:29:45,116 [7] DEBUG ServiceLog4NetLab.Service1 - Timer 2: 3:29:45 AM
2023-12-06 03:29:45,126 [7] FATAL ServiceLog4NetLab.Service1 - Timer 2: 3:29:45 AM
2023-12-06 03:29:46,119 [5] INFO ServiceLog4NetLab.Service1 - Timer 2: 3:29:46 AM
2023-12-06 03:29:46,129 [5] WARN ServiceLog4NetLab.Service1 - Timer 2: 3:29:46 AM
2023-12-06 03:29:46,130 [5] ERROR ServiceLog4NetLab.Service1 - Timer 2: 3:29:46 AM
2023-12-06 03:29:46,131 [5] DEBUG ServiceLog4NetLab.Service1 - Timer 2: 3:29:46 AM
2023-12-06 03:29:46,133 [5] FATAL ServiceLog4NetLab.Service1 - Timer 2: 3:29:46 AM
2023-12-06 03:29:47,133 [7] INFO ServiceLog4NetLab.Service1 - Timer 2: 3:29:47 AM
2023-12-06 03:29:47,135 [7] WARN ServiceLog4NetLab.Service1 - Timer 2: 3:29:47 AM
2023-12-06 03:29:47,137 [7] ERROR ServiceLog4NetLab.Service1 - Timer 2: 3:29:47 AM
2023-12-06 03:29:47,143 [7] DEBUG ServiceLog4NetLab.Service1 - Timer 2: 3:29:47 AM
2023-12-06 03:29:47,144 [7] FATAL ServiceLog4NetLab.Service1 - Timer 2: 3:29:47 AM
2023-12-06 03:29:48,137 [6] INFO ServiceLog4NetLab.Service1 - Timer 2: 3:29:48 AM
2023-12-06 03:29:48,146 [6] WARN ServiceLog4NetLab.Service1 - Timer 2: 3:29:48 AM
2023-12-06 03:29:48,147 [6] ERROR ServiceLog4NetLab.Service1 - Timer 2: 3:29:48 AM
2023-12-06 03:29:48,148 [6] DEBUG ServiceLog4NetLab.Service1 - Timer 2: 3:29:48 AM
2023-12-06 03:29:48,149 [6] FATAL ServiceLog4NetLab.Service1 - Timer 2: 3:29:48 AM
2023-12-06 03:29:49,151 [7] INFO ServiceLog4NetLab.Service1 - Timer 2: 3:29:49 AM
2023-12-06 03:29:49,153 [7] WARN ServiceLog4NetLab.Service1 - Timer 2: 3:29:49 AM
2023-12-06 03:29:49,154 [7] ERROR ServiceLog4NetLab.Service1 - Timer 2: 3:29:49 AM
2023-12-06 03:29:49,156 [7] DEBUG ServiceLog4NetLab.Service1 - Timer 2: 3:29:49 AM
2023-12-06 03:29:49,163 [7] FATAL ServiceLog4NetLab.Service1 - Timer 2: 3:29:49 AM
2023-12-06 03:29:50,166 [6] INFO ServiceLog4NetLab.Service1 - Timer 2: 3:29:50 AM
2023-12-06 03:29:50,169 [6] WARN ServiceLog4NetLab.Service1 - Timer 2: 3:29:50 AM
2023-12-06 03:29:50,170 [6] ERROR ServiceLog4NetLab.Service1 - Timer 2: 3:29:50 AM
2023-12-06 03:29:50,172 [6] DEBUG ServiceLog4NetLab.Service1 - Timer 2: 3:29:50 AM
2023-12-06 03:29:50,173 [6] FATAL ServiceLog4NetLab.Service1 - Timer 2: 3:29:50 AM
2023-12-06 03:29:51,180 [5] INFO ServiceLog4NetLab.Service1 - Timer 2: 3:29:51 AM
2023-12-06 03:29:51,183 [5] WARN ServiceLog4NetLab.Service1 - Timer 2: 3:29:51 AM
2023-12-06 03:29:51,184 [5] ERROR ServiceLog4NetLab.Service1 - Timer 2: 3:29:51 AM
2023-12-06 03:29:51,186 [5] DEBUG ServiceLog4NetLab.Service1 - Timer 2: 3:29:51 AM
2023-12-06 03:29:51,188 [5] FATAL ServiceLog4NetLab.Service1 - Timer 2: 3:29:51 AM
2023-12-06 03:29:52,197 [7] INFO ServiceLog4NetLab.Service1 - Timer 2: 3:29:52 AM
2023-12-06 03:29:52,200 [7] WARN ServiceLog4NetLab.Service1 - Timer 2: 3:29:52 AM
2023-12-06 03:29:52,202 [7] ERROR ServiceLog4NetLab.Service1 - Timer 2: 3:29:52 AM
2023-12-06 03:29:52,204 [7] DEBUG ServiceLog4NetLab.Service1 - Timer 2: 3:29:52 AM
2023-12-06 03:29:52,205 [7] FATAL ServiceLog4NetLab.Service1 - Timer 2: 3:29:52 AM
2023-12-06 03:29:53,216 [5] INFO ServiceLog4NetLab.Service1 - Timer 2: 3:29:53 AM
2023-12-06 03:29:53,217 [5] WARN ServiceLog4NetLab.Service1 - Timer 2: 3:29:53 AM
2023-12-06 03:29:53,218 [5] ERROR ServiceLog4NetLab.Service1 - Timer 2: 3:29:53 AM
2023-12-06 03:29:53,219 [5] DEBUG ServiceLog4NetLab.Service1 - Timer 2: 3:29:53 AM
2023-12-06 03:29:53,220 [5] FATAL ServiceLog4NetLab.Service1 - Timer 2: 3:29:53 AM
2023-12-06 03:29:54,233 [6] INFO ServiceLog4NetLab.Service1 - Timer 2: 3:29:54 AM
2023-12-06 03:29:54,236 [6] WARN ServiceLog4NetLab.Service1 - Timer 2: 3:29:54 AM
2023-12-06 03:29:54,237 [6] ERROR ServiceLog4NetLab.Service1 - Timer 2: 3:29:54 AM
2023-12-06 03:29:54,238 [6] DEBUG ServiceLog4NetLab.Service1 - Timer 2: 3:29:54 AM
2023-12-06 03:29:54,239 [6] FATAL ServiceLog4NetLab.Service1 - Timer 2: 3:29:54 AM
2023-12-06 03:29:55,242 [5] INFO ServiceLog4NetLab.Service1 - Timer 2: 3:29:55 AM
2023-12-06 03:29:55,244 [5] WARN ServiceLog4NetLab.Service1 - Timer 2: 3:29:55 AM
2023-12-06 03:29:55,250 [5] ERROR ServiceLog4NetLab.Service1 - Timer 2: 3:29:55 AM
2023-12-06 03:29:55,252 [5] DEBUG ServiceLog4NetLab.Service1 - Timer 2: 3:29:55 AM
2023-12-06 03:29:55,253 [5] FATAL ServiceLog4NetLab.Service1 - Timer 2: 3:29:55 AM
2023-12-06 03:29:56,253 [6] INFO ServiceLog4NetLab.Service1 - Timer 2: 3:29:56 AM
2023-12-06 03:29:56,257 [6] WARN ServiceLog4NetLab.Service1 - Timer 2: 3:29:56 AM
2023-12-06 03:29:56,259 [6] ERROR ServiceLog4NetLab.Service1 - Timer 2: 3:29:56 AM
2023-12-06 03:29:56,260 [6] DEBUG ServiceLog4NetLab.Service1 - Timer 2: 3:29:56 AM
2023-12-06 03:29:56,261 [6] FATAL ServiceLog4NetLab.Service1 - Timer 2: 3:29:56 AM
2023-12-06 03:29:57,270 [5] INFO ServiceLog4NetLab.Service1 - Timer 2: 3:29:57 AM
2023-12-06 03:29:57,273 [5] WARN ServiceLog4NetLab.Service1 - Timer 2: 3:29:57 AM
2023-12-06 03:29:57,275 [5] ERROR ServiceLog4NetLab.Service1 - Timer 2: 3:29:57 AM
2023-12-06 03:29:57,277 [5] DEBUG ServiceLog4NetLab.Service1 - Timer 2: 3:29:57 AM
2023-12-06 03:29:57,278 [5] FATAL ServiceLog4NetLab.Service1 - Timer 2: 3:29:57 AM
2023-12-06 03:29:58,277 [7] INFO ServiceLog4NetLab.Service1 - Timer 2: 3:29:58 AM
2023-12-06 03:29:58,280 [7] WARN ServiceLog4NetLab.Service1 - Timer 2: 3:29:58 AM
2023-12-06 03:29:58,288 [7] ERROR ServiceLog4NetLab.Service1 - Timer 2: 3:29:58 AM
2023-12-06 03:29:58,290 [7] DEBUG ServiceLog4NetLab.Service1 - Timer 2: 3:29:58 AM
2023-12-06 03:29:58,292 [7] FATAL ServiceLog4NetLab.Service1 - Timer 2: 3:29:58 AM
2023-12-06 03:29:59,288 [5] INFO ServiceLog4NetLab.Service1 - Timer 2: 3:29:59 AM
2023-12-06 03:29:59,290 [5] WARN ServiceLog4NetLab.Service1 - Timer 2: 3:29:59 AM
2023-12-06 03:29:59,291 [5] ERROR ServiceLog4NetLab.Service1 - Timer 2: 3:29:59 AM
2023-12-06 03:29:59,294 [5] DEBUG ServiceLog4NetLab.Service1 - Timer 2: 3:29:59 AM
2023-12-06 03:29:59,295 [5] FATAL ServiceLog4NetLab.Service1 - Timer 2: 3:29:59 AM
2023-12-06 03:30:00,315 [6] INFO ServiceLog4NetLab.Service1 - Timer 2: 3:30:00 AM
2023-12-06 03:30:00,328 [6] WARN ServiceLog4NetLab.Service1 - Timer 2: 3:30:00 AM
2023-12-06 03:30:00,333 [6] ERROR ServiceLog4NetLab.Service1 - Timer 2: 3:30:00 AM
2023-12-06 03:30:00,349 [6] DEBUG ServiceLog4NetLab.Service1 - Timer 2: 3:30:00 AM
2023-12-06 03:30:00,432 [6] FATAL ServiceLog4NetLab.Service1 - Timer 2: 3:30:00 AM
2023-12-06 03:30:01,327 [5] INFO ServiceLog4NetLab.Service1 - Timer 2: 3:30:01 AM
2023-12-06 03:30:01,329 [5] WARN ServiceLog4NetLab.Service1 - Timer 2: 3:30:01 AM
2023-12-06 03:30:01,330 [5] ERROR ServiceLog4NetLab.Service1 - Timer 2: 3:30:01 AM
2023-12-06 03:30:01,332 [5] DEBUG ServiceLog4NetLab.Service1 - Timer 2: 3:30:01 AM
2023-12-06 03:30:01,333 [5] FATAL ServiceLog4NetLab.Service1 - Timer 2: 3:30:01 AM
2023-12-06 03:30:02,342 [7] INFO ServiceLog4NetLab.Service1 - Timer 2: 3:30:02 AM
2023-12-06 03:30:02,345 [7] WARN ServiceLog4NetLab.Service1 - Timer 2: 3:30:02 AM
2023-12-06 03:30:02,346 [7] ERROR ServiceLog4NetLab.Service1 - Timer 2: 3:30:02 AM
2023-12-06 03:30:02,347 [7] DEBUG ServiceLog4NetLab.Service1 - Timer 2: 3:30:02 AM
2023-12-06 03:30:02,348 [7] FATAL ServiceLog4NetLab.Service1 - Timer 2: 3:30:02 AM
2023-12-06 03:30:03,349 [6] INFO ServiceLog4NetLab.Service1 - Timer 2: 3:30:03 AM
2023-12-06 03:30:03,352 [6] WARN ServiceLog4NetLab.Service1 - Timer 2: 3:30:03 AM
2023-12-06 03:30:03,359 [6] ERROR ServiceLog4NetLab.Service1 - Timer 2: 3:30:03 AM
2023-12-06 03:30:03,360 [6] DEBUG ServiceLog4NetLab.Service1 - Timer 2: 3:30:03 AM
2023-12-06 03:30:03,362 [6] FATAL ServiceLog4NetLab.Service1 - Timer 2: 3:30:03 AM
2023-12-06 03:38:19,072 [7] INFO ServiceLog4NetLab.Service1 - Timer: 3:38:19 AM
2023-12-06 03:38:20,081 [6] INFO ServiceLog4NetLab.Service1 - Timer: 3:38:20 AM
2023-12-06 03:38:21,097 [7] INFO ServiceLog4NetLab.Service1 - Timer: 3:38:21 AM
2023-12-06 03:38:22,145 [6] INFO ServiceLog4NetLab.Service1 - Timer: 3:38:22 AM
2023-12-06 03:38:23,608 [7] INFO ServiceLog4NetLab.Service1 - Timer: 3:38:23 AM
2023-12-06 03:38:24,995 [6] INFO ServiceLog4NetLab.Service1 - Timer: 3:38:24 AM
2023-12-06 03:38:26,013 [7] INFO ServiceLog4NetLab.Service1 - Timer: 3:38:26 AM
2023-12-06 03:38:27,033 [7] INFO ServiceLog4NetLab.Service1 - Timer: 3:38:27 AM
2023-12-06 03:38:28,038 [6] INFO ServiceLog4NetLab.Service1 - Timer: 3:38:28 AM
2023-12-06 03:38:29,152 [7] INFO ServiceLog4NetLab.Service1 - Timer: 3:38:29 AM
2023-12-06 03:38:30,366 [7] INFO ServiceLog4NetLab.Service1 - Timer: 3:38:30 AM
2023-12-06 03:38:31,389 [6] INFO ServiceLog4NetLab.Service1 - Timer: 3:38:31 AM
2023-12-06 03:38:32,403 [7] INFO ServiceLog4NetLab.Service1 - Timer: 3:38:32 AM
2023-12-06 03:38:33,418 [7] INFO ServiceLog4NetLab.Service1 - Timer: 3:38:33 AM
2023-12-06 03:38:34,438 [7] INFO ServiceLog4NetLab.Service1 - Timer: 3:38:34 AM
2023-12-06 03:38:35,448 [7] INFO ServiceLog4NetLab.Service1 - Timer: 3:38:35 AM
2023-12-06 03:38:36,462 [6] INFO ServiceLog4NetLab.Service1 - Timer: 3:38:36 AM
2023-12-06 03:38:37,472 [6] INFO ServiceLog4NetLab.Service1 - Timer: 3:38:37 AM
2023-12-06 03:38:38,483 [7] INFO ServiceLog4NetLab.Service1 - Timer: 3:38:38 AM
2023-12-06 03:38:38,722 [4] INFO ServiceLog4NetLab.Service1 - FSW Creado: Archivo: log2023 - Copy.txt Creado
2023-12-06 03:38:38,732 [8] INFO ServiceLog4NetLab.Service1 - FSW Cambio: Archivo: log2023 - Copy.txt Cambió
2023-12-06 03:38:38,743 [8] INFO ServiceLog4NetLab.Service1 - FSW Cambio: Archivo: log2023 - Copy.txt Cambió
2023-12-06 03:38:39,494 [6] INFO ServiceLog4NetLab.Service1 - Timer: 3:38:39 AM
2023-12-06 03:38:39,648 [8] INFO ServiceLog4NetLab.Service1 - FSW Creado: Archivo: log2023 - Copy (2).txt Creado
2023-12-06 03:38:39,661 [9] INFO ServiceLog4NetLab.Service1 - FSW Cambio: Archivo: log2023 - Copy (2).txt Cambió
2023-12-06 03:38:39,677 [9] INFO ServiceLog4NetLab.Service1 - FSW Cambio: Archivo: log2023 - Copy (2).txt Cambió
2023-12-06 03:38:40,432 [9] INFO ServiceLog4NetLab.Service1 - FSW Creado: Archivo: log2023 - Copy (3).txt Creado
2023-12-06 03:38:40,518 [7] INFO ServiceLog4NetLab.Service1 - Timer: 3:38:40 AM
2023-12-06 03:38:41,145 [8] INFO ServiceLog4NetLab.Service1 - FSW Cambio: Archivo: log2023 - Copy (3).txt Cambió
2023-12-06 03:38:41,378 [8] INFO ServiceLog4NetLab.Service1 - FSW Cambio: Archivo: log2023 - Copy (3).txt Cambió
2023-12-06 03:38:41,598 [7] INFO ServiceLog4NetLab.Service1 - Timer: 3:38:41 AM
2023-12-06 03:38:42,634 [10] INFO ServiceLog4NetLab.Service1 - Timer: 3:38:42 AM
2023-12-06 03:38:43,371 [8] INFO ServiceLog4NetLab.Service1 - FSW Creado: Archivo: log2023 - Copy.txt Borrado
2023-12-06 03:38:43,746 [7] INFO ServiceLog4NetLab.Service1 - Timer: 3:38:43 AM
2023-12-06 03:38:44,262 [8] INFO ServiceLog4NetLab.Service1 - FSW Creado: Archivo: log2023 - Copy (2).txt Borrado
2023-12-06 03:38:44,767 [10] INFO ServiceLog4NetLab.Service1 - Timer: 3:38:44 AM
2023-12-06 03:38:45,956 [6] INFO ServiceLog4NetLab.Service1 - Timer: 3:38:45 AM
2023-12-06 03:38:47,007 [10] INFO ServiceLog4NetLab.Service1 - Timer: 3:38:47 AM
2023-12-06 03:38:48,008 [6] INFO ServiceLog4NetLab.Service1 - Timer: 3:38:48 AM
2023-12-06 03:38:49,018 [7] INFO ServiceLog4NetLab.Service1 - Timer: 3:38:49 AM
2023-12-06 03:38:50,019 [10] INFO ServiceLog4NetLab.Service1 - Timer: 3:38:50 AM
2023-12-06 03:42:08,705 [7] INFO ServiceLog4NetLab.Service1 - Timer: 3:42:08 AM
2023-12-06 03:42:09,704 [6] INFO ServiceLog4NetLab.Service1 - Timer: 3:42:09 AM
2023-12-06 03:42:10,726 [7] INFO ServiceLog4NetLab.Service1 - Timer: 3:42:10 AM
2023-12-06 03:42:11,746 [6] INFO ServiceLog4NetLab.Service1 - Timer: 3:42:11 AM
2023-12-06 03:42:12,922 [6] INFO ServiceLog4NetLab.Service1 - Timer: 3:42:12 AM
2023-12-06 03:42:13,975 [7] INFO ServiceLog4NetLab.Service1 - Timer: 3:42:13 AM
2023-12-06 03:42:14,993 [6] INFO ServiceLog4NetLab.Service1 - Timer: 3:42:14 AM
2023-12-06 03:42:16,010 [7] INFO ServiceLog4NetLab.Service1 - Timer: 3:42:16 AM
2023-12-06 03:42:17,018 [6] INFO ServiceLog4NetLab.Service1 - Timer: 3:42:17 AM
2023-12-06 03:42:18,031 [7] INFO ServiceLog4NetLab.Service1 - Timer: 3:42:18 AM
2023-12-06 03:42:19,046 [6] INFO ServiceLog4NetLab.Service1 - Timer: 3:42:19 AM
2023-12-06 03:42:20,054 [7] INFO ServiceLog4NetLab.Service1 - Timer: 3:42:20 AM
